# JRE version: OpenJDK Runtime Environment (8.0) (build 1.8.0-25-microsoft-b00)
# Java VM: OpenJDK 64-Bit Server VM (25.71-b00 mixed mode windows-amd64 compressed oops)
Heap:
 PSYoungGen      total 35840K, used 34169K [0x00000000eab00000, 0x00000000ed300000, 0x0000000100000000)
  eden space 30720K, 94% used [0x00000000eab00000,0x00000000ec77fb58,0x00000000ec900000)
  from space 5120K, 97% used [0x00000000ec900000,0x00000000ecddea80,0x00000000ece00000)
  to   space 5120K, 0% used [0x00000000ece00000,0x00000000ece00000,0x00000000ed300000)
 ParOldGen       total 81920K, used 58142K [0x00000000c0000000, 0x00000000c5000000, 0x00000000eab00000)
  object space 81920K, 70% used [0x00000000c0000000,0x00000000c38c78f0,0x00000000c5000000)
 Metaspace       used 6451K, capacity 7216K, committed 7296K, reserved 1056768K
  class space    used 596K, capacity 616K, committed 640K, reserved 1048576K
GC Heap History (10 events):
Event: 2.281 GC heap before
{Heap before GC invocations=7 (full 0):
 PSYoungGen      total 35840K, used 35814K [0x00000000eab00000, 0x00000000ed300000, 0x0000000100000000)
  eden space 30720K, 100% used [0x00000000eab00000,0x00000000ec900000,0x00000000ec900000)
  from space 5120K, 99% used [0x00000000ece00000,0x00000000ed2f9bd0,0x00000000ed300000)
  to   space 5120K, 0% used [0x00000000ec900000,0x00000000ec900000,0x00000000ece00000)
 ParOldGen       total 81920K, used 30224K [0x00000000c0000000, 0x00000000c5000000, 0x00000000eab00000)
  object space 81920K, 36% used [0x00000000c0000000,0x00000000c1d84050,0x00000000c5000000)
 Metaspace       used 6279K, capacity 7088K, committed 7296K, reserved 1056768K
  class space    used 580K, capacity 616K, committed 640K, reserved 1048576K
Event: 2.345 GC heap after
Heap after GC invocations=7 (full 0):
 PSYoungGen      total 35840K, used 5090K [0x00000000eab00000, 0x00000000ed300000, 0x0000000100000000)
  eden space 30720K, 0% used [0x00000000eab00000,0x00000000eab00000,0x00000000ec900000)
  from space 5120K, 99% used [0x00000000ec900000,0x00000000ecdf8be8,0x00000000ece00000)
  to   space 5120K, 0% used [0x00000000ece00000,0x00000000ece00000,0x00000000ed300000)
 ParOldGen       total 81920K, used 37715K [0x00000000c0000000, 0x00000000c5000000, 0x00000000eab00000)
  object space 81920K, 46% used [0x00000000c0000000,0x00000000c24d4d88,0x00000000c5000000)
 Metaspace       used 6279K, capacity 7088K, committed 7296K, reserved 1056768K
  class space    used 580K, capacity 616K, committed 640K, reserved 1048576K
}
Event: 2.518 GC heap before
{Heap before GC invocations=8 (full 0):
 PSYoungGen      total 35840K, used 35810K [0x00000000eab00000, 0x00000000ed300000, 0x0000000100000000)
  eden space 30720K, 100% used [0x00000000eab00000,0x00000000ec900000,0x00000000ec900000)
  from space 5120K, 99% used [0x00000000ec900000,0x00000000ecdf8be8,0x00000000ece00000)
  to   space 5120K, 0% used [0x00000000ece00000,0x00000000ece00000,0x00000000ed300000)
 ParOldGen       total 81920K, used 37715K [0x00000000c0000000, 0x00000000c5000000, 0x00000000eab00000)
  object space 81920K, 46% used [0x00000000c0000000,0x00000000c24d4d88,0x00000000c5000000)
 Metaspace       used 6295K, capacity 7088K, committed 7296K, reserved 1056768K
  class space    used 580K, capacity 616K, committed 640K, reserved 1048576K
Event: 2.545 GC heap after
Heap after GC invocations=8 (full 0):
 PSYoungGen      total 35840K, used 5098K [0x00000000eab00000, 0x00000000ed300000, 0x0000000100000000)
  eden space 30720K, 0% used [0x00000000eab00000,0x00000000eab00000,0x00000000ec900000)
  from space 5120K, 99% used [0x00000000ece00000,0x00000000ed2fa880,0x00000000ed300000)
  to   space 5120K, 0% used [0x00000000ec900000,0x00000000ec900000,0x00000000ece00000)
 ParOldGen       total 81920K, used 43368K [0x00000000c0000000, 0x00000000c5000000, 0x00000000eab00000)
  object space 81920K, 52% used [0x00000000c0000000,0x00000000c2a5a3a0,0x00000000c5000000)
 Metaspace       used 6295K, capacity 7088K, committed 7296K, reserved 1056768K
  class space    used 580K, capacity 616K, committed 640K, reserved 1048576K
}
Event: 2.679 GC heap before
{Heap before GC invocations=9 (full 0):
 PSYoungGen      total 35840K, used 35818K [0x00000000eab00000, 0x00000000ed300000, 0x0000000100000000)
  eden space 30720K, 100% used [0x00000000eab00000,0x00000000ec900000,0x00000000ec900000)
  from space 5120K, 99% used [0x00000000ece00000,0x00000000ed2fa880,0x00000000ed300000)
  to   space 5120K, 0% used [0x00000000ec900000,0x00000000ec900000,0x00000000ece00000)
 ParOldGen       total 81920K, used 43368K [0x00000000c0000000, 0x00000000c5000000, 0x00000000eab00000)
  object space 81920K, 52% used [0x00000000c0000000,0x00000000c2a5a3a0,0x00000000c5000000)
 Metaspace       used 6297K, capacity 7088K, committed 7296K, reserved 1056768K
  class space    used 580K, capacity 616K, committed 640K, reserved 1048576K
Event: 2.701 GC heap after
Heap after GC invocations=9 (full 0):
 PSYoungGen      total 35840K, used 5110K [0x00000000eab00000, 0x00000000ed300000, 0x0000000100000000)
  eden space 30720K, 0% used [0x00000000eab00000,0x00000000eab00000,0x00000000ec900000)
  from space 5120K, 99% used [0x00000000ec900000,0x00000000ecdfdb30,0x00000000ece00000)
  to   space 5120K, 0% used [0x00000000ece00000,0x00000000ece00000,0x00000000ed300000)
 ParOldGen       total 81920K, used 48172K [0x00000000c0000000, 0x00000000c5000000, 0x00000000eab00000)
  object space 81920K, 58% used [0x00000000c0000000,0x00000000c2f0b330,0x00000000c5000000)
 Metaspace       used 6297K, capacity 7088K, committed 7296K, reserved 1056768K
  class space    used 580K, capacity 616K, committed 640K, reserved 1048576K
}
Event: 2.889 GC heap before
{Heap before GC invocations=10 (full 0):
 PSYoungGen      total 35840K, used 35830K [0x00000000eab00000, 0x00000000ed300000, 0x0000000100000000)
  eden space 30720K, 100% used [0x00000000eab00000,0x00000000ec900000,0x00000000ec900000)
  from space 5120K, 99% used [0x00000000ec900000,0x00000000ecdfdb30,0x00000000ece00000)
  to   space 5120K, 0% used [0x00000000ece00000,0x00000000ece00000,0x00000000ed300000)
 ParOldGen       total 81920K, used 48172K [0x00000000c0000000, 0x00000000c5000000, 0x00000000eab00000)
  object space 81920K, 58% used [0x00000000c0000000,0x00000000c2f0b330,0x00000000c5000000)
 Metaspace       used 6300K, capacity 7088K, committed 7296K, reserved 1056768K
  class space    used 580K, capacity 616K, committed 640K, reserved 1048576K
Event: 2.903 GC heap after
Heap after GC invocations=10 (full 0):
 PSYoungGen      total 35840K, used 5104K [0x00000000eab00000, 0x00000000ed300000, 0x0000000100000000)
  eden space 30720K, 0% used [0x00000000eab00000,0x00000000eab00000,0x00000000ec900000)
  from space 5120K, 99% used [0x00000000ece00000,0x00000000ed2fc030,0x00000000ed300000)
  to   space 5120K, 0% used [0x00000000ec900000,0x00000000ec900000,0x00000000ece00000)
 ParOldGen       total 81920K, used 52984K [0x00000000c0000000, 0x00000000c5000000, 0x00000000eab00000)
  object space 81920K, 64% used [0x00000000c0000000,0x00000000c33be0a0,0x00000000c5000000)
 Metaspace       used 6300K, capacity 7088K, committed 7296K, reserved 1056768K
  class space    used 580K, capacity 616K, committed 640K, reserved 1048576K
}
Event: 3.195 GC heap before
{Heap before GC invocations=11 (full 0):
 PSYoungGen      total 35840K, used 35824K [0x00000000eab00000, 0x00000000ed300000, 0x0000000100000000)
  eden space 30720K, 100% used [0x00000000eab00000,0x00000000ec900000,0x00000000ec900000)
  from space 5120K, 99% used [0x00000000ece00000,0x00000000ed2fc030,0x00000000ed300000)
  to   space 5120K, 0% used [0x00000000ec900000,0x00000000ec900000,0x00000000ece00000)
 ParOldGen       total 81920K, used 52984K [0x00000000c0000000, 0x00000000c5000000, 0x00000000eab00000)
  object space 81920K, 64% used [0x00000000c0000000,0x00000000c33be0a0,0x00000000c5000000)
 Metaspace       used 6414K, capacity 7152K, committed 7296K, reserved 1056768K
  class space    used 594K, capacity 616K, committed 640K, reserved 1048576K
Event: 3.220 GC heap after
Heap after GC invocations=11 (full 0):
 PSYoungGen      total 35840K, used 4986K [0x00000000eab00000, 0x00000000ed300000, 0x0000000100000000)
  eden space 30720K, 0% used [0x00000000eab00000,0x00000000eab00000,0x00000000ec900000)
  from space 5120K, 97% used [0x00000000ec900000,0x00000000ecddea80,0x00000000ece00000)
  to   space 5120K, 0% used [0x00000000ece00000,0x00000000ece00000,0x00000000ed300000)
 ParOldGen       total 81920K, used 58142K [0x00000000c0000000, 0x00000000c5000000, 0x00000000eab00000)
  object space 81920K, 70% used [0x00000000c0000000,0x00000000c38c78f0,0x00000000c5000000)
 Metaspace       used 6414K, capacity 7152K, committed 7296K, reserved 1056768K
  class space    used 594K, capacity 616K, committed 640K, reserved 1048576K
}

