# JRE version: OpenJDK Runtime Environment (8.0) (build 1.8.0-25-microsoft-b00)
# Java VM: OpenJDK 64-Bit Server VM (25.71-b00 mixed mode windows-amd64 compressed oops)
Heap:
 PSYoungGen      total 35840K, used 30720K [0x00000000eab00000, 0x00000000ed300000, 0x0000000100000000)
  eden space 30720K, 100% used [0x00000000eab00000,0x00000000ec900000,0x00000000ec900000)
  from space 5120K, 0% used [0x00000000ec900000,0x00000000ec900000,0x00000000ece00000)
  to   space 5120K, 0% used [0x00000000ece00000,0x00000000ece00000,0x00000000ed300000)
 ParOldGen       total 81920K, used 75364K [0x00000000c0000000, 0x00000000c5000000, 0x00000000eab00000)
  object space 81920K, 91% used [0x00000000c0000000,0x00000000c49990d0,0x00000000c5000000)
 Metaspace       used 6508K, capacity 7216K, committed 7296K, reserved 1056768K
  class space    used 596K, capacity 616K, committed 640K, reserved 1048576K
GC Heap History (10 events):
Event: 4.579 GC heap before
{Heap before GC invocations=12 (full 0):
 PSYoungGen      total 35840K, used 35642K [0x00000000eab00000, 0x00000000ed300000, 0x0000000100000000)
  eden space 30720K, 100% used [0x00000000eab00000,0x00000000ec900000,0x00000000ec900000)
  from space 5120K, 96% used [0x00000000ec900000,0x00000000ecdcea80,0x00000000ece00000)
  to   space 5120K, 0% used [0x00000000ece00000,0x00000000ece00000,0x00000000ed300000)
 ParOldGen       total 81920K, used 58627K [0x00000000c0000000, 0x00000000c5000000, 0x00000000eab00000)
  object space 81920K, 71% used [0x00000000c0000000,0x00000000c3940fe8,0x00000000c5000000)
 Metaspace       used 6458K, capacity 7216K, committed 7296K, reserved 1056768K
  class space    used 596K, capacity 616K, committed 640K, reserved 1048576K
Event: 4.607 GC heap after
Heap after GC invocations=12 (full 0):
 PSYoungGen      total 35840K, used 4642K [0x00000000eab00000, 0x00000000ed300000, 0x0000000100000000)
  eden space 30720K, 0% used [0x00000000eab00000,0x00000000eab00000,0x00000000ec900000)
  from space 5120K, 90% used [0x00000000ece00000,0x00000000ed288a70,0x00000000ed300000)
  to   space 5120K, 0% used [0x00000000ec900000,0x00000000ec900000,0x00000000ece00000)
 ParOldGen       total 81920K, used 63449K [0x00000000c0000000, 0x00000000c5000000, 0x00000000eab00000)
  object space 81920K, 77% used [0x00000000c0000000,0x00000000c3df64f8,0x00000000c5000000)
 Metaspace       used 6458K, capacity 7216K, committed 7296K, reserved 1056768K
  class space    used 596K, capacity 616K, committed 640K, reserved 1048576K
}
Event: 4.782 GC heap before
{Heap before GC invocations=13 (full 0):
 PSYoungGen      total 35840K, used 35362K [0x00000000eab00000, 0x00000000ed300000, 0x0000000100000000)
  eden space 30720K, 100% used [0x00000000eab00000,0x00000000ec900000,0x00000000ec900000)
  from space 5120K, 90% used [0x00000000ece00000,0x00000000ed288a70,0x00000000ed300000)
  to   space 5120K, 0% used [0x00000000ec900000,0x00000000ec900000,0x00000000ece00000)
 ParOldGen       total 81920K, used 63449K [0x00000000c0000000, 0x00000000c5000000, 0x00000000eab00000)
  object space 81920K, 77% used [0x00000000c0000000,0x00000000c3df64f8,0x00000000c5000000)
 Metaspace       used 6477K, capacity 7216K, committed 7296K, reserved 1056768K
  class space    used 596K, capacity 616K, committed 640K, reserved 1048576K
Event: 4.809 GC heap after
Heap after GC invocations=13 (full 0):
 PSYoungGen      total 35840K, used 4730K [0x00000000eab00000, 0x00000000ed300000, 0x0000000100000000)
  eden space 30720K, 0% used [0x00000000eab00000,0x00000000eab00000,0x00000000ec900000)
  from space 5120K, 92% used [0x00000000ec900000,0x00000000ecd9ea90,0x00000000ece00000)
  to   space 5120K, 0% used [0x00000000ece00000,0x00000000ece00000,0x00000000ed300000)
 ParOldGen       total 81920K, used 67742K [0x00000000c0000000, 0x00000000c5000000, 0x00000000eab00000)
  object space 81920K, 82% used [0x00000000c0000000,0x00000000c4227b50,0x00000000c5000000)
 Metaspace       used 6477K, capacity 7216K, committed 7296K, reserved 1056768K
  class space    used 596K, capacity 616K, committed 640K, reserved 1048576K
}
Event: 5.006 GC heap before
{Heap before GC invocations=14 (full 0):
 PSYoungGen      total 35840K, used 35450K [0x00000000eab00000, 0x00000000ed300000, 0x0000000100000000)
  eden space 30720K, 100% used [0x00000000eab00000,0x00000000ec900000,0x00000000ec900000)
  from space 5120K, 92% used [0x00000000ec900000,0x00000000ecd9ea90,0x00000000ece00000)
  to   space 5120K, 0% used [0x00000000ece00000,0x00000000ece00000,0x00000000ed300000)
 ParOldGen       total 81920K, used 67742K [0x00000000c0000000, 0x00000000c5000000, 0x00000000eab00000)
  object space 81920K, 82% used [0x00000000c0000000,0x00000000c4227b50,0x00000000c5000000)
 Metaspace       used 6483K, capacity 7216K, committed 7296K, reserved 1056768K
  class space    used 596K, capacity 616K, committed 640K, reserved 1048576K
Event: 5.022 GC heap after
Heap after GC invocations=14 (full 0):
 PSYoungGen      total 35840K, used 4608K [0x00000000eab00000, 0x00000000ed300000, 0x0000000100000000)
  eden space 30720K, 0% used [0x00000000eab00000,0x00000000eab00000,0x00000000ec900000)
  from space 5120K, 90% used [0x00000000ece00000,0x00000000ed280000,0x00000000ed300000)
  to   space 5120K, 0% used [0x00000000ec900000,0x00000000ec900000,0x00000000ece00000)
 ParOldGen       total 81920K, used 72124K [0x00000000c0000000, 0x00000000c5000000, 0x00000000eab00000)
  object space 81920K, 88% used [0x00000000c0000000,0x00000000c466f0e8,0x00000000c5000000)
 Metaspace       used 6483K, capacity 7216K, committed 7296K, reserved 1056768K
  class space    used 596K, capacity 616K, committed 640K, reserved 1048576K
}
Event: 5.312 GC heap before
{Heap before GC invocations=15 (full 0):
 PSYoungGen      total 35840K, used 35328K [0x00000000eab00000, 0x00000000ed300000, 0x0000000100000000)
  eden space 30720K, 100% used [0x00000000eab00000,0x00000000ec900000,0x00000000ec900000)
  from space 5120K, 90% used [0x00000000ece00000,0x00000000ed280000,0x00000000ed300000)
  to   space 5120K, 0% used [0x00000000ec900000,0x00000000ec900000,0x00000000ece00000)
 ParOldGen       total 81920K, used 72124K [0x00000000c0000000, 0x00000000c5000000, 0x00000000eab00000)
  object space 81920K, 88% used [0x00000000c0000000,0x00000000c466f0e8,0x00000000c5000000)
 Metaspace       used 6494K, capacity 7216K, committed 7296K, reserved 1056768K
  class space    used 596K, capacity 616K, committed 640K, reserved 1048576K
Event: 5.335 GC heap after
Heap after GC invocations=15 (full 0):
 PSYoungGen      total 35840K, used 4768K [0x00000000eab00000, 0x00000000ed300000, 0x0000000100000000)
  eden space 30720K, 0% used [0x00000000eab00000,0x00000000eab00000,0x00000000ec900000)
  from space 5120K, 93% used [0x00000000ec900000,0x00000000ecda8000,0x00000000ece00000)
  to   space 5120K, 0% used [0x00000000ece00000,0x00000000ece00000,0x00000000ed300000)
 ParOldGen       total 81920K, used 76423K [0x00000000c0000000, 0x00000000c5000000, 0x00000000eab00000)
  object space 81920K, 93% used [0x00000000c0000000,0x00000000c4aa1d38,0x00000000c5000000)
 Metaspace       used 6494K, capacity 7216K, committed 7296K, reserved 1056768K
  class space    used 596K, capacity 616K, committed 640K, reserved 1048576K
}
Event: 5.335 GC heap before
{Heap before GC invocations=16 (full 1):
 PSYoungGen      total 35840K, used 4768K [0x00000000eab00000, 0x00000000ed300000, 0x0000000100000000)
  eden space 30720K, 0% used [0x00000000eab00000,0x00000000eab00000,0x00000000ec900000)
  from space 5120K, 93% used [0x00000000ec900000,0x00000000ecda8000,0x00000000ece00000)
  to   space 5120K, 0% used [0x00000000ece00000,0x00000000ece00000,0x00000000ed300000)
 ParOldGen       total 81920K, used 76423K [0x00000000c0000000, 0x00000000c5000000, 0x00000000eab00000)
  object space 81920K, 93% used [0x00000000c0000000,0x00000000c4aa1d38,0x00000000c5000000)
 Metaspace       used 6494K, capacity 7216K, committed 7296K, reserved 1056768K
  class space    used 596K, capacity 616K, committed 640K, reserved 1048576K
Event: 5.964 GC heap after
Heap after GC invocations=16 (full 1):
 PSYoungGen      total 35840K, used 0K [0x00000000eab00000, 0x00000000ed300000, 0x0000000100000000)
  eden space 30720K, 0% used [0x00000000eab00000,0x00000000eab00000,0x00000000ec900000)
  from space 5120K, 0% used [0x00000000ec900000,0x00000000ec900000,0x00000000ece00000)
  to   space 5120K, 0% used [0x00000000ece00000,0x00000000ece00000,0x00000000ed300000)
 ParOldGen       total 81920K, used 75364K [0x00000000c0000000, 0x00000000c5000000, 0x00000000eab00000)
  object space 81920K, 91% used [0x00000000c0000000,0x00000000c49990d0,0x00000000c5000000)
 Metaspace       used 6494K, capacity 7216K, committed 7296K, reserved 1056768K
  class space    used 596K, capacity 616K, committed 640K, reserved 1048576K
}

